<?xml version="1.0" encoding="UTF-8"?>
<!-- Generated by org.testng.reporters.JUnitXMLReporter -->
<testsuite ignored="0" hostname="MSI" failures="2" tests="5" name="ChromeTest" time="144.884" errors="0" timestamp="2023-09-05T14:21:00 IST">
  <testcase classname="com.spicejet.tests.SpicejetRoundTripTest" name="@BeforeMethod launchBrowser" time="-1.693903715433E9">
    <failure type="org.testng.TestNGException" message="
Can inject only one of &amp;lt;ITestContext, XmlTest, Method, Object[], ITestResult&amp;gt; into a @BeforeMethod annotated launchBrowser.
For more information on native dependency injection please refer to https://testng.org/doc/documentation-main.html#native-dependency-injection">
      <![CDATA[org.testng.TestNGException: 
Can inject only one of <ITestContext, XmlTest, Method, Object[], ITestResult> into a @BeforeMethod annotated launchBrowser.
For more information on native dependency injection please refer to https://testng.org/doc/documentation-main.html#native-dependency-injection
at java.base/java.util.ArrayList.forEach(ArrayList.java:1511)
... Removed 28 stack frames]]>
    </failure>
  </testcase> <!-- @BeforeMethod launchBrowser -->
  <testcase classname="com.spicejet.tests.SpicejetRoundTripTest" name="@AfterMethod closeBrowsers" time="0.0">
    <skipped/>
  </testcase> <!-- @AfterMethod closeBrowsers -->
  <testcase classname="com.spicejet.tests.SpicejetTest" name="browserLaunch" time="0.0">
    <failure type="org.testng.TestNGException" message="
Cannot inject @Test annotated Method [browserLaunch] with [class java.lang.String].
For more information on native dependency injection please refer to https://testng.org/doc/documentation-main.html#native-dependency-injection">
      <![CDATA[org.testng.TestNGException: 
Cannot inject @Test annotated Method [browserLaunch] with [class java.lang.String].
For more information on native dependency injection please refer to https://testng.org/doc/documentation-main.html#native-dependency-injection
at java.base/java.util.ArrayList.forEach(ArrayList.java:1511)
... Removed 26 stack frames]]>
    </failure>
  </testcase> <!-- browserLaunch -->
  <testcase classname="com.spicejet.tests.SpicejetLoginTest" name="loginSpiceJet" time="0.0">
    <failure type="org.testng.TestNGException" message="
Cannot inject @Test annotated Method [loginSpiceJet] with [class java.lang.String].
For more information on native dependency injection please refer to https://testng.org/doc/documentation-main.html#native-dependency-injection">
      <![CDATA[org.testng.TestNGException: 
Cannot inject @Test annotated Method [loginSpiceJet] with [class java.lang.String].
For more information on native dependency injection please refer to https://testng.org/doc/documentation-main.html#native-dependency-injection
at java.base/java.util.ArrayList.forEach(ArrayList.java:1511)
... Removed 26 stack frames]]>
    </failure>
  </testcase> <!-- loginSpiceJet -->
  <testcase classname="com.spicejet.tests.SpicejetRoundTripTest" name="SearchRoundTripFlight" time="0.0">
    <skipped/>
  </testcase> <!-- SearchRoundTripFlight -->
  <testcase classname="com.spicejet.tests.SpicejetBookingFieldTest" name="validateBookingField" time="139.083"/>
  <testcase classname="com.spicejet.tests.SpicejetBookingTest" name="BookingFlight" time="2.152"/>
</testsuite> <!-- ChromeTest -->
